<?xml version="1.0" encoding="UTF-8"?>
<!-- Generated by org.testng.reporters.JUnitReportReporter -->
<testsuite skipped="0" hostname="A2ML29823" name="rest.test.PostRequest" tests="1" failures="0" timestamp="19 Jan 2020 05:23:59 GMT" time="2.005" errors="0">
  <testcase name="createPlaceAPI" time="2.005" classname="rest.test.PostRequest"/>
</testsuite> <!-- rest.test.PostRequest -->
