<?xml version="1.0" encoding="UTF-8"?>
<!-- Generated by org.testng.reporters.JUnitReportReporter -->
<testsuite skipped="0" hostname="A2ML29823" name="rest.test.PostRequestXML" tests="1" failures="0" timestamp="19 Jan 2020 10:22:40 GMT" time="2.776" errors="0">
  <testcase name="createPlace" time="2.776" classname="rest.test.PostRequestXML"/>
</testsuite> <!-- rest.test.PostRequestXML -->
