<?xml version="1.0" encoding="UTF-8"?>
<!-- Generated by org.testng.reporters.JUnitReportReporter -->
<testsuite skipped="0" hostname="A2ML29823" name="rest.test.PostRequestDemo" tests="1" failures="0" timestamp="19 Jan 2020 05:24:30 GMT" time="2.069" errors="0">
  <testcase name="createPlace" time="2.069" classname="rest.test.PostRequestDemo"/>
</testsuite> <!-- rest.test.PostRequestDemo -->
